  tools.cpp
D:\.c\而今迈步从头越\而今迈步从头越\tools.cpp(17,17): warning C4244: “初始化”: 从“unsigned __int64”转换到“int”，可能丢失数据
D:\.c\而今迈步从头越\而今迈步从头越\tools.cpp(175,97): warning C4244: “参数”: 从“double”转换到“int”，可能丢失数据
D:\.c\而今迈步从头越\而今迈步从头越\tools.cpp(175,67): warning C4244: “参数”: 从“float”转换到“int”，可能丢失数据
D:\.c\而今迈步从头越\而今迈步从头越\tools.cpp(175,46): warning C4244: “参数”: 从“double”转换到“int”，可能丢失数据
D:\.c\而今迈步从头越\而今迈步从头越\tools.cpp(175,25): warning C4244: “参数”: 从“double”转换到“int”，可能丢失数据
  天天酷跑.cpp
D:\.c\而今迈步从头越\而今迈步从头越\天天酷跑.cpp(112,15): warning C4244: “=”: 从“double”转换到“int”，可能丢失数据
D:\.c\而今迈步从头越\而今迈步从头越\天天酷跑.cpp(113,15): warning C4244: “=”: 从“double”转换到“int”，可能丢失数据
D:\.c\而今迈步从头越\而今迈步从头越\天天酷跑.cpp(104,3): warning C4996: 'sprintf': This function or variable may be unsafe. Consider using sprintf_s instead. To disable deprecation, use _CRT_SECURE_NO_WARNINGS. See online help for details.
D:\.c\而今迈步从头越\而今迈步从头越\天天酷跑.cpp(118,3): warning C4996: 'sprintf': This function or variable may be unsafe. Consider using sprintf_s instead. To disable deprecation, use _CRT_SECURE_NO_WARNINGS. See online help for details.
D:\.c\而今迈步从头越\而今迈步从头越\天天酷跑.cpp(124,3): warning C4996: 'sprintf': This function or variable may be unsafe. Consider using sprintf_s instead. To disable deprecation, use _CRT_SECURE_NO_WARNINGS. See online help for details.
D:\.c\而今迈步从头越\而今迈步从头越\天天酷跑.cpp(130,3): warning C4996: 'sprintf': This function or variable may be unsafe. Consider using sprintf_s instead. To disable deprecation, use _CRT_SECURE_NO_WARNINGS. See online help for details.
D:\.c\而今迈步从头越\而今迈步从头越\天天酷跑.cpp(135,3): warning C4996: 'sprintf': This function or variable may be unsafe. Consider using sprintf_s instead. To disable deprecation, use _CRT_SECURE_NO_WARNINGS. See online help for details.
D:\.c\而今迈步从头越\而今迈步从头越\天天酷跑.cpp(162,3): warning C4996: 'sprintf': This function or variable may be unsafe. Consider using sprintf_s instead. To disable deprecation, use _CRT_SECURE_NO_WARNINGS. See online help for details.
D:\.c\而今迈步从头越\而今迈步从头越\天天酷跑.cpp(222,24): warning C4244: “=”: 从“double”转换到“int”，可能丢失数据
D:\.c\而今迈步从头越\而今迈步从头越\天天酷跑.cpp(199,6): warning C4101: “c”: 未引用的局部变量
D:\.c\而今迈步从头越\而今迈步从头越\天天酷跑.cpp(244,16): warning C4244: “=”: 从“double”转换到“int”，可能丢失数据
D:\.c\而今迈步从头越\而今迈步从头越\天天酷跑.cpp(480,58): warning C4244: “参数”: 从“double”转换到“float”，可能丢失数据
D:\.c\而今迈步从头越\而今迈步从头越\天天酷跑.cpp(506,2): warning C4996: 'sprintf': This function or variable may be unsafe. Consider using sprintf_s instead. To disable deprecation, use _CRT_SECURE_NO_WARNINGS. See online help for details.
  正在生成代码
  Previous IPDB not found, fall back to full compilation.
  All 62 functions were compiled because no usable IPDB/IOBJ from previous compilation was found.
  已完成代码的生成
  而今迈步从头越.vcxproj -> D:\.c\而今迈步从头越\Release\而今迈步从头越.exe
